 ising.Wolff(128,2) und system.run(500)
 > 8 GB RAM

print i, self.counter
print time.time() - start_time
print (time.time() - start_time)/self.counter

0.0
214 1893
0.0
0.0
215 1910
0.000999927520752
5.23522262174e-07
216 1914
0.0
0.0
217 1915
0.0
0.0
218 1918
0.0
0.0
219 1949
0.0
0.0
220 1966
0.0
0.0
221 1973
0.00100016593933
5.06926477106e-07
222 1977
0.0
0.0
223 1981
0.0
0.0
224 1986
0.0
0.0
225 1990
0.0
0.0
226 2082
0.000999927520752
4.80272584415e-07
227 2087
0.0
0.0
228 2091
0.0
0.0
229 2092
0.0
0.0
230 2303
0.00499987602234
2.17102736532e-06
231 2312
0.0
0.0
232 2395
0.00100016593933
4.1760582018e-07
233 2396
0.0
0.0
234 2401
0.0
0.0
235 2402
0.0
4.16289559014e-07
236 2464
0.0
0.0
237 2486
0.000999927520752
4.02223459675e-07
238 2494
0.0
0.0
239 2495
0.0
0.0
240 2671
0.00300002098083
1.12318269593e-06
241 2673
0.0
0.0
242 2674
0.0
0.0
243 2719
0.000999927520752
3.67755616312e-07
244 2723
0.0
0.0
245 3040
0.0090000629425
2.96054702056e-06
246 3052
0.0
0.0
247 3054
0.0
0.0
248 3092
0.00100016593933
3.23468932513e-07
249 3116
0.0
0.0
250 3118
0.0
0.0
251 3128
0.0
0.0
252 3129
0.0
0.0
253 3136
0.0
0.0
254 3141
0.0
0.0
255 3173
0.000999927520752
3.15136312875e-07
256 3174
0.0
0.0
257 3179
0.0
0.0
258 3461
0.00699996948242
2.0225280215e-06
259 3513
0.000999927520752
2.84636356605e-07
260 3517
0.0
0.0
261 3518
0.0
0.0
262 3519
0.0
0.0
263 3520
0.0
0.0
264 3521
0.0
0.0
265 3523
0.0
0.0
266 3525
0.0
0.0
267 3532
0.00100016593933
2.83172689505e-07
268 3537
0.0
0.0
269 3540
0.0
0.0
270 3543
0.0
0.0
271 3553
0.0
0.0
272 3557
0.0
0.0
273 3566
0.0
0.0
274 3640
0.000999927520752
2.74705362844e-07
275 3651
0.0
0.0
276 3674
0.000999927520752
2.72163179301e-07
277 3675
0.0
0.0
278 3678
0.0
0.0
279 3683
0.0
0.0
280 3690
0.0
0.0
281 3691
0.0
0.0
282 3692
0.0
0.0
283 3693
0.0
0.0
284 3695
0.0
0.0
285 3712
0.0
0.0
286 4132
0.0160000324249
3.87222469141e-06
287 4133
0.0
0.0
288 4134
0.0
0.0
289 4177
0.0
0.0
290 4179
0.0
0.0
291 4611
0.0160000324249
3.46997016372e-06
292 4619
0.0
0.0
293 4688
0.000999927520752
2.13295119614e-07
294 5188
0.0199999809265
3.85504643919e-06
295 5192
0.0
0.0
296 5201
0.0
0.0
297 5204
0.0
0.0
298 5214
0.00100016593933
1.91823156757e-07
299 5215
0.0
0.0
300 5221
0.0
0.0
301 5257
0.0
0.0
302 5258
0.0
0.0
303 5262
0.0
0.0
304 5264
0.0
0.0
305 5266
0.0
0.0
306 5272
0.000999927520752
1.89667587396e-07
307 5273
0.0
0.0
308 5699
0.0149998664856
2.63201728121e-06
309 5703
0.0
0.0
310 5705
0.0
0.0
311 5734
0.00100016593933
1.74427265318e-07
312 5735
0.0
0.0
313 5738
0.0
0.0
314 5740
0.0
0.0
315 5743
0.0
0.0
316 5758
0.0
0.0
317 5764
0.0
0.0
318 5765
0.0
0.0
319 5782
0.0
0.0
320 5785
0.0
0.0
321 5798
0.0
0.0
322 5800
0.0
0.0
323 5813
0.0
0.0
324 5837
0.0
0.0
325 5838
0.0
0.0
326 5841
0.0
0.0
327 5852
0.0
0.0
328 5853
0.0
0.0
329 5862
0.000999927520752
1.70577877986e-07
330 5946
0.00100016593933
1.68208196995e-07
331 5947
0.0
0.0
332 6016
0.000999927520752
1.66211356508e-07
333 6021
0.0
0.0
334 6023
0.0
0.0
335 6224
0.00399994850159
6.42665247684e-07
336 6279
0.000999927520752
1.59249485707e-07
337 6283
0.0
0.0
338 6862
0.0270001888275
3.93474042954e-06
339 6866
0.0
0.0
340 6876
0.0
0.0
341 6880
0.0
0.0
342 6942
0.000999927520752
1.44040265162e-07
343 6967
0.0
0.0
344 6988
0.0
0.0
345 6997
0.000999927520752
1.4290803498e-07
346 7004
0.0
0.0
347 7787
0.0450000762939
5.77887200385e-06
348 7788
0.0
0.0
349 7790
0.0
0.0
350 7791
0.0
0.0
351 7794
0.0
0.0
352 7888
0.00200009346008
2.53561544128e-07
353 8974
0.0839998722076
9.36036017469e-06
354 8978
0.0
0.0
355 8983
0.0
0.0
356 8989
0.0
0.0
357 10103
0.0910000801086
9.00723350575e-06
358 10599
0.0209999084473
1.98131035449e-06
359 10603
0.0
0.0
360 10609
0.0
0.0
361 10628
0.0
0.0
362 10640
0.000999927520752
9.39781504466e-08
363 11953
0.124000072479
1.03739707587e-05
364 11954
0.0
0.0
365 11957
0.0
0.0
366 12535
0.0280001163483
2.23375479444e-06
367 14032
0.159999847412
1.14024976776e-05
368 15802
0.226999998093
1.43652700983e-05
369 15807
0.0
0.0
370 15814
0.0
0.0
371 15923
0.00200009346008
1.25610341021e-07
372 19894
1.03699994087
5.21262662548e-05
373 24441
1.38499999046
5.6667075425e-05
374 29698
1.81700015068
6.11825762907e-05
375 35802
2.5
6.98285012011e-05
376 35803
0.000999927520752
2.79285959487e-08
377 42745
3.24099993706
7.58217320636e-05
378 42772
0.0
0.0
379 42802
0.0
0.0



profile.run('system.run(100)')
   773081 function calls (676609 primitive calls) in 12.205 seconds

   Ordered by: standard name

   ncalls  tottime  percall  cumtime  percall filename:lineno(function)
   193144    0.475    0.000    0.475    0.000 :0(append)
    96472    0.243    0.000    0.243    0.000 :0(rand)
      200    0.001    0.000    0.001    0.000 :0(randint)
        1    0.000    0.000    0.000    0.000 :0(range)
        1    0.001    0.001    0.001    0.001 :0(setprofile)
        1    0.000    0.000   12.204   12.204 <string>:1(<module>)
      200    0.000    0.000    0.000    0.000 ising.py:24(getSize)
   386288    0.807    0.000    0.807    0.000 ising.py:33(bc)
      100    0.002    0.000   12.121    0.121 ising.py:54(oneClusterStep)
96572/100   10.593    0.000   12.118    0.121 ising.py:60(growCluster)
      100    0.073    0.001    0.073    0.001 ising.py:73(flipCluster)
        1    0.010    0.010   12.204   12.204 ising.py:77(run)
        0    0.000             0.000          profile:0(profiler)
        1    0.000    0.000   12.205   12.205 profile:0(system.run(100))

profile.run('plot.show(initialConfig, delta)')
2189301 function calls (2189299 primitive calls) in 13.071 seconds

   Ordered by: standard name

   ncalls  tottime  percall  cumtime  percall filename:lineno(function)
   198972    1.239    0.000    1.239    0.000 :0(__deepcopy__)
        3    0.000    0.000    0.000    0.000 :0(__new__)
        1    0.000    0.000    0.000    0.000 :0(add)
        8    0.001    0.000    0.001    0.000 :0(addAction)
        2    0.000    0.000    0.000    0.000 :0(addSeparator)
        1    0.000    0.000    0.000    0.000 :0(addToolBar)
        1    0.000    0.000    0.000    0.000 :0(addWidget)
        1    0.000    0.000    0.000    0.000 :0(affine_transform)
   198984    0.405    0.000    0.405    0.000 :0(append)
        4    0.000    0.000    0.000    0.000 :0(array)
        1    0.000    0.000    0.000    0.000 :0(callable)
        5    0.000    0.000    0.000    0.000 :0(connect)
        1    0.000    0.000    0.000    0.000 :0(copy)
        1    0.000    0.000    0.000    0.000 :0(dot)
   397946    1.053    0.000    1.053    0.000 :0(get)
   198992    0.515    0.000    0.515    0.000 :0(getattr)
        2    0.000    0.000    0.000    0.000 :0(hasattr)
       20    0.000    0.000    0.000    0.000 :0(hash)
        3    0.000    0.000    0.000    0.000 :0(height)
   596919    1.285    0.000    1.285    0.000 :0(id)
        1    0.000    0.000    0.000    0.000 :0(instance)
        7    0.000    0.000    0.000    0.000 :0(isinstance)
   198972    0.539    0.000    0.539    0.000 :0(issubclass)
        5    0.000    0.000    0.000    0.000 :0(iter)
        2    0.000    0.000    0.000    0.000 :0(iteritems)
        1    0.000    0.000    0.000    0.000 :0(iterkeys)
        1    0.000    0.000    0.000    0.000 :0(itervalues)
       30    0.000    0.000    0.000    0.000 :0(len)
        6    0.000    0.000    0.000    0.000 :0(lower)
        1    0.000    0.000    0.000    0.000 :0(pop)
        1    0.000    0.000    0.000    0.000 :0(remove)
       21    0.000    0.000    0.000    0.000 :0(replace)
        1    0.000    0.000    0.000    0.000 :0(reshape)
        2    0.000    0.000    0.000    0.000 :0(resize)
        1    0.000    0.000    0.000    0.000 :0(setAttribute)
        1    0.000    0.000    0.000    0.000 :0(setCentralWidget)
        2    0.000    0.000    0.000    0.000 :0(setCheckable)
        1    0.000    0.000    0.000    0.000 :0(setFocus)
        1    0.000    0.000    0.000    0.000 :0(setFocusPolicy)
        2    0.000    0.000    0.000    0.000 :0(setInterval)
        1    0.000    0.000    0.000    0.000 :0(setMouseTracking)
        8    0.000    0.000    0.000    0.000 :0(setToolTip)
        1    0.000    0.000    0.000    0.000 :0(setWindowIcon)
        1    0.000    0.000    0.000    0.000 :0(setWindowTitle)
        6    0.000    0.000    0.000    0.000 :0(setattr)
       20    0.000    0.000    0.000    0.000 :0(setdefault)
        1    0.000    0.000    0.000    0.000 :0(setprofile)
        1    0.000    0.000    0.000    0.000 :0(singleShot)
        2    0.003    0.002    0.003    0.002 :0(sizeHint)
        2    0.000    0.000    0.000    0.000 :0(sort)
        2    0.004    0.002    0.004    0.002 :0(statusBar)
        1    0.000    0.000    0.000    0.000 :0(width)
        2    0.000    0.000    0.000    0.000 :0(zeros)
        1    0.000    0.000   13.071   13.071 <string>:1(<module>)
        6    0.000    0.000    0.000    0.000 UserDict.py:4(__init__)
        1    0.000    0.000    0.000    0.000 __init__.py:1372(get_backend)
        2    0.000    0.000    0.000    0.000 __init__.py:1386(is_interactive)
       25    0.000    0.000    0.000    0.000 __init__.py:892(__getitem__)
        1    0.000    0.000    0.000    0.000 _pylab_helpers.py:129(set_active)
        1    0.000    0.000    0.000    0.000 _pylab_helpers.py:38(get_fig_manager)
        1    0.000    0.000    0.000    0.000 _weakrefset.py:16(__init__)
        1    0.000    0.000    0.000    0.000 _weakrefset.py:20(__enter__)
        1    0.000    0.000    0.000    0.000 _weakrefset.py:26(__exit__)
        1    0.000    0.000    0.001    0.001 animation.py:1089(__init__)
        1    0.000    0.000    0.000    0.000 animation.py:1116(<lambda>)
        1    0.000    0.000    0.000    0.000 animation.py:1134(new_frame_seq)
        1    0.000    0.000    0.000    0.000 animation.py:579(__init__)
        1    0.000    0.000    0.000    0.000 animation.py:829(_post_draw)
        1    0.000    0.000    0.000    0.000 animation.py:864(_setup_blit)
        1    0.000    0.000    0.001    0.001 animation.py:959(__init__)
        1    0.000    0.000    0.000    0.000 artist.py:232(axes)
    17/15    0.000    0.000    0.000    0.000 artist.py:256(stale)
        2    0.000    0.000    0.000    0.000 artist.py:314(pchanged)
        1    0.000    0.000    0.000    0.000 artist.py:329(set_transform)
        1    0.000    0.000    0.000    0.000 artist.py:624(set_figure)
       17    0.000    0.000    0.000    0.000 artist.py:724(get_animated)
        2    0.000    0.000    0.000    0.000 artist.py:86(__init__)
        1    0.000    0.000    0.000    0.000 backend_bases.py:1207(__init__)
        1    0.000    0.000    0.000    0.000 backend_bases.py:1252(_set_interval)
        2    0.000    0.000    0.000    0.000 backend_bases.py:1680(__init__)
        2    0.000    0.000    0.000    0.000 backend_bases.py:2035(get_width_height)
       10    0.000    0.000    0.001    0.000 backend_bases.py:2302(mpl_connect)
        1    0.000    0.000    0.000    0.000 backend_bases.py:2589(__init__)
        1    0.000    0.000    0.002    0.002 backend_bases.py:2725(__init__)
        1    0.000    0.000    0.000    0.000 backend_bases.py:3174(set_history_buttons)
        1    0.000    0.000    0.008    0.008 backend_qt4.py:65(__init__)
        1    0.000    0.000    0.021    0.021 backend_qt4agg.py:38(new_figure_manager)
        1    0.000    0.000    0.020    0.020 backend_qt4agg.py:49(new_figure_manager_given_figure)
        1    0.000    0.000    0.000    0.000 backend_qt4agg.py:58(__init__)
        1    0.000    0.000    0.008    0.008 backend_qt4agg.py:73(__init__)
        1    0.008    0.008    0.008    0.008 backend_qt5.py:123(_create_qApp)
        1    0.000    0.000    0.000    0.000 backend_qt5.py:187(__init__)
        2    0.000    0.000    0.000    0.000 backend_qt5.py:209(_timer_set_interval)
        1    0.000    0.000    0.000    0.000 backend_qt5.py:339(sizeHint)
        1    0.000    0.000    0.000    0.000 backend_qt5.py:383(new_timer)
        1    0.002    0.002    0.012    0.012 backend_qt5.py:436(__init__)
        1    0.000    0.000    0.002    0.002 backend_qt5.py:516(_get_toolbar)
        1    0.000    0.000    0.002    0.002 backend_qt5.py:557(__init__)
        8    0.000    0.000    0.000    0.000 backend_qt5.py:568(_icon)
        1    0.000    0.000    0.002    0.002 backend_qt5.py:571(_init_toolbar)
        1    0.000    0.000    0.000    0.000 backend_qt5agg.py:161(draw_idle)
        3    0.000    0.000    0.000    0.000 cbook.py:1320(__init__)
        4    0.000    0.000    0.000    0.000 cbook.py:1370(clear)
       20    0.000    0.000    0.000    0.000 cbook.py:362(__init__)
       10    0.000    0.000    0.000    0.000 cbook.py:384(add_destroy_callback)
        2    0.000    0.000    0.000    0.000 cbook.py:387(_destroy)
       20    0.000    0.000    0.000    0.000 cbook.py:450(__hash__)
        4    0.000    0.000    0.000    0.000 cbook.py:492(__init__)
       10    0.000    0.000    0.001    0.000 cbook.py:506(connect)
        1    0.000    0.000    0.000    0.000 cbook.py:554(process)
        1    0.000    0.000    0.000    0.000 cbook.py:686(iterable)
        3    0.000    0.000    0.000    0.000 cbook.py:695(is_string_like)
        3    0.000    0.000    0.000    0.000 colors.py:265(to_rgb)
        3    0.000    0.000    0.000    0.000 colors.py:334(to_rgba)
   198972    4.757    0.000   11.003    0.000 copy.py:145(deepcopy)
   198972    1.616    0.000    2.356    0.000 copy.py:267(_keep_alive)
        1    0.000    0.000    0.000    0.000 core.py:549(filled)
        1    0.000    0.000    0.000    0.000 figure.py:1014(clf)
        1    0.000    0.000    0.000    0.000 figure.py:1285(_set_artist_props)
        1    0.000    0.000    0.000    0.000 figure.py:1431(add_axobserver)
        1    0.000    0.000    0.000    0.000 figure.py:163(__init__)
        1    0.000    0.000    0.000    0.000 figure.py:193(update)
        6    0.000    0.000    0.000    0.000 figure.py:232(_update_this)
        1    0.000    0.000    0.001    0.001 figure.py:265(__init__)
        1    0.000    0.000    0.000    0.000 figure.py:400(_get_axes)
        1    0.000    0.000    0.000    0.000 figure.py:408(_set_dpi)
        1    0.000    0.000    0.000    0.000 figure.py:420(set_tight_layout)
        2    0.000    0.000    0.000    0.000 figure.py:54(_stale_figure_callback)
        2    0.000    0.000    0.000    0.000 figure.py:556(set_canvas)
        1    0.000    0.000    0.000    0.000 figure.py:74(__init__)
        1    0.000    0.000    0.000    0.000 figure.py:78(as_list)
       10    0.000    0.000    0.000    0.000 ntpath.py:63(join)
       21    0.000    0.000    0.000    0.000 ntpath.py:96(splitdrive)
        2    0.000    0.000    0.000    0.000 numeric.py:2113(identity)
        1    0.000    0.000    0.000    0.000 numeric.py:394(asarray)
        2    0.000    0.000    0.000    0.000 patches.py:251(set_antialiased)
        1    0.000    0.000    0.000    0.000 patches.py:262(set_aa)
        1    0.000    0.000    0.000    0.000 patches.py:266(set_edgecolor)
        2    0.000    0.000    0.000    0.000 patches.py:282(set_facecolor)
        1    0.000    0.000    0.000    0.000 patches.py:333(set_linewidth)
        1    0.000    0.000    0.000    0.000 patches.py:350(set_linestyle)
        1    0.000    0.000    0.000    0.000 patches.py:391(set_fill)
        1    0.000    0.000    0.000    0.000 patches.py:410(set_capstyle)
        1    0.000    0.000    0.000    0.000 patches.py:427(set_joinstyle)
        1    0.000    0.000    0.000    0.000 patches.py:444(set_hatch)
        1    0.000    0.000    0.000    0.000 patches.py:624(__init__)
        1    0.000    0.000    0.000    0.000 patches.py:73(__init__)
        1    1.641    1.641   13.049   13.049 plot.py:13(makeImageList)
        1    0.000    0.000   13.050   13.050 plot.py:31(animate)
        1    0.000    0.000   13.071   13.071 plot.py:37(__init__)
        1    0.000    0.000    0.022    0.022 plot.py:7(__init__)
        1    0.000    0.000   13.071   13.071 profile:0(plot.show(initialConfig, delta))
        0    0.000             0.000          profile:0(profiler)
        1    0.000    0.000    0.022    0.022 pyplot.py:420(figure)
        1    0.000    0.000    0.000    0.000 pyplot.py:585(get_fignums)
        1    0.000    0.000    0.000    0.000 six.py:569(iterkeys)
        1    0.000    0.000    0.000    0.000 six.py:572(itervalues)
        2    0.000    0.000    0.000    0.000 six.py:575(iteritems)
        1    0.000    0.000    0.000    0.000 transforms.py:1017(get_points)
        1    0.000    0.000    0.000    0.000 transforms.py:1065(__init__)
        4    0.000    0.000    0.000    0.000 transforms.py:1090(get_points)
        2    0.000    0.000    0.000    0.000 transforms.py:127(invalidate)
        2    0.000    0.000    0.000    0.000 transforms.py:138(_invalidate_internal)
        2    0.000    0.000    0.000    0.000 transforms.py:162(set_children)
        4    0.000    0.000    0.000    0.000 transforms.py:1633(__init__)
        1    0.000    0.000    0.000    0.000 transforms.py:1654(transform)
        1    0.000    0.000    0.000    0.000 transforms.py:1734(transform_affine)
        1    0.000    0.000    0.000    0.000 transforms.py:1779(__init__)
        1    0.000    0.000    0.000    0.000 transforms.py:1824(get_matrix)
        1    0.000    0.000    0.000    0.000 transforms.py:1873(clear)
        1    0.000    0.000    0.000    0.000 transforms.py:1943(scale)
        1    0.000    0.000    0.000    0.000 transforms.py:2521(__init__)
        2    0.000    0.000    0.000    0.000 transforms.py:380(_get_width)
        2    0.000    0.000    0.000    0.000 transforms.py:387(_get_height)
        1    0.000    0.000    0.000    0.000 transforms.py:780(__init__)
        1    0.000    0.000    0.000    0.000 transforms.py:827(from_bounds)
        1    0.000    0.000    0.000    0.000 transforms.py:837(from_extents)
        6    0.000    0.000    0.000    0.000 transforms.py:86(__init__)
        2    0.000    0.000    0.000    0.000 twodim_base.py:190(eye)
        1    0.000    0.000    0.000    0.000 weakref.py:176(itervalues)
        3    0.000    0.000    0.000    0.000 weakref.py:262(__new__)
        3    0.000    0.000    0.000    0.000 weakref.py:267(__init__)
       10    0.000    0.000    0.000    0.000 weakref.py:282(__init__)
       10    0.000    0.000    0.000    0.000 weakref.py:320(__setitem__)
       10    0.000    0.000    0.000    0.000 weakref.py:352(__contains__)
        6    0.000    0.000    0.000    0.000 weakref.py:47(__init__)
        1    0.000    0.000    0.000    0.000 weakref.py:61(_commit_removals)
        3    0.000    0.000    0.000    0.000 weakref.py:98(__setitem__)
        2    0.000    0.000    0.000    0.000 widgets.py:37(__init__)